Compiling the CXX compiler identification source file "CMakeCXXCompilerId.cpp" failed.
Compiler: CMAKE_CXX_COMPILER-NOTFOUND 
Build flags: 
Id flags: 

The output was:
No such file or directory


Compiling the CXX compiler identification source file "CMakeCXXCompilerId.cpp" failed.
Compiler: CMAKE_CXX_COMPILER-NOTFOUND 
Build flags: 
Id flags: -c

The output was:
No such file or directory


Determining if the pthread_create exist failed with the following output:
Change Dir: /home/gwatch/c/adjusted-p-values-avg/cmake-build-release/CMakeFiles/CMakeTmp

Run Build Command:"/usr/bin/make" "cmTC_7cb01/fast"
make[1]: Entering directory '/home/gwatch/c/adjusted-p-values-avg/cmake-build-release/CMakeFiles/CMakeTmp'
/usr/bin/make -f CMakeFiles/cmTC_7cb01.dir/build.make CMakeFiles/cmTC_7cb01.dir/build
make[2]: Entering directory '/home/gwatch/c/adjusted-p-values-avg/cmake-build-release/CMakeFiles/CMakeTmp'
Building C object CMakeFiles/cmTC_7cb01.dir/CheckSymbolExists.c.o
/usr/bin/cc     -o CMakeFiles/cmTC_7cb01.dir/CheckSymbolExists.c.o   -c /home/gwatch/c/adjusted-p-values-avg/cmake-build-release/CMakeFiles/CMakeTmp/CheckSymbolExists.c
Linking C executable cmTC_7cb01
/usr/bin/cmake -E cmake_link_script CMakeFiles/cmTC_7cb01.dir/link.txt --verbose=1
/usr/bin/cc       CMakeFiles/cmTC_7cb01.dir/CheckSymbolExists.c.o  -o cmTC_7cb01 -rdynamic 
CMakeFiles/cmTC_7cb01.dir/CheckSymbolExists.c.o: In function `main':
CheckSymbolExists.c:(.text+0x16): undefined reference to `pthread_create'
collect2: error: ld returned 1 exit status
CMakeFiles/cmTC_7cb01.dir/build.make:97: recipe for target 'cmTC_7cb01' failed
make[2]: *** [cmTC_7cb01] Error 1
make[2]: Leaving directory '/home/gwatch/c/adjusted-p-values-avg/cmake-build-release/CMakeFiles/CMakeTmp'
Makefile:126: recipe for target 'cmTC_7cb01/fast' failed
make[1]: *** [cmTC_7cb01/fast] Error 2
make[1]: Leaving directory '/home/gwatch/c/adjusted-p-values-avg/cmake-build-release/CMakeFiles/CMakeTmp'

File /home/gwatch/c/adjusted-p-values-avg/cmake-build-release/CMakeFiles/CMakeTmp/CheckSymbolExists.c:
/* */
#include <pthread.h>

int main(int argc, char** argv)
{
  (void)argv;
#ifndef pthread_create
  return ((int*)(&pthread_create))[argc];
#else
  (void)argc;
  return 0;
#endif
}

Determining if the function pthread_create exists in the pthreads failed with the following output:
Change Dir: /home/gwatch/c/adjusted-p-values-avg/cmake-build-release/CMakeFiles/CMakeTmp

Run Build Command:"/usr/bin/make" "cmTC_b9d7c/fast"
make[1]: Entering directory '/home/gwatch/c/adjusted-p-values-avg/cmake-build-release/CMakeFiles/CMakeTmp'
/usr/bin/make -f CMakeFiles/cmTC_b9d7c.dir/build.make CMakeFiles/cmTC_b9d7c.dir/build
make[2]: Entering directory '/home/gwatch/c/adjusted-p-values-avg/cmake-build-release/CMakeFiles/CMakeTmp'
Building C object CMakeFiles/cmTC_b9d7c.dir/CheckFunctionExists.c.o
/usr/bin/cc    -DCHECK_FUNCTION_EXISTS=pthread_create   -o CMakeFiles/cmTC_b9d7c.dir/CheckFunctionExists.c.o   -c /usr/share/cmake-3.5/Modules/CheckFunctionExists.c
Linking C executable cmTC_b9d7c
/usr/bin/cmake -E cmake_link_script CMakeFiles/cmTC_b9d7c.dir/link.txt --verbose=1
/usr/bin/cc   -DCHECK_FUNCTION_EXISTS=pthread_create    CMakeFiles/cmTC_b9d7c.dir/CheckFunctionExists.c.o  -o cmTC_b9d7c -rdynamic -lpthreads 
/usr/bin/ld: cannot find -lpthreads
collect2: error: ld returned 1 exit status
CMakeFiles/cmTC_b9d7c.dir/build.make:97: recipe for target 'cmTC_b9d7c' failed
make[2]: *** [cmTC_b9d7c] Error 1
make[2]: Leaving directory '/home/gwatch/c/adjusted-p-values-avg/cmake-build-release/CMakeFiles/CMakeTmp'
Makefile:126: recipe for target 'cmTC_b9d7c/fast' failed
make[1]: *** [cmTC_b9d7c/fast] Error 2
make[1]: Leaving directory '/home/gwatch/c/adjusted-p-values-avg/cmake-build-release/CMakeFiles/CMakeTmp'


